[10.315s] DEBUG:colcon:Command line arguments: ['/usr/bin/colcon', 'build']
[10.315s] DEBUG:colcon:Parsed command line arguments: Namespace(log_base=None, log_level=None, verb_name='build', build_base='build', install_base='install', merge_install=False, symlink_install=False, test_result_base=None, continue_on_error=False, executor='parallel', parallel_workers=8, event_handlers=None, ignore_user_meta=False, metas=['./colcon.meta'], base_paths=['.'], packages_ignore=None, packages_ignore_regex=None, paths=None, packages_up_to=None, packages_up_to_regex=None, packages_above=None, packages_above_and_dependencies=None, packages_above_depth=None, packages_select_by_dep=None, packages_skip_by_dep=None, packages_skip_up_to=None, packages_select_build_failed=False, packages_skip_build_finished=False, packages_select_test_failures=False, packages_skip_test_passed=False, packages_select=None, packages_skip=None, packages_select_regex=None, packages_skip_regex=None, packages_start=None, packages_end=None, allow_overriding=[], cmake_args=None, cmake_target=None, cmake_target_skip_unavailable=False, cmake_clean_cache=False, cmake_clean_first=False, cmake_force_configure=False, ament_cmake_args=None, catkin_cmake_args=None, catkin_skip_building_tests=False, verb_parser=<colcon_defaults.argument_parser.defaults.DefaultArgumentsDecorator object at 0x7f3e24d0e350>, verb_extension=<colcon_core.verb.build.BuildVerb object at 0x7f3e24d0cdc0>, main=<bound method BuildVerb.main of <colcon_core.verb.build.BuildVerb object at 0x7f3e24d0cdc0>>)
[10.732s] Level 1:colcon.colcon_core.package_discovery:discover_packages(colcon_meta) check parameters
[10.736s] Level 1:colcon.colcon_core.package_discovery:discover_packages(recursive) check parameters
[10.739s] Level 1:colcon.colcon_core.package_discovery:discover_packages(ignore) check parameters
[10.741s] Level 1:colcon.colcon_core.package_discovery:discover_packages(path) check parameters
[10.742s] Level 1:colcon.colcon_core.package_discovery:discover_packages(colcon_meta) discover
[10.744s] Level 1:colcon.colcon_core.package_discovery:discover_packages(recursive) discover
[10.745s] INFO:colcon.colcon_core.package_discovery:Crawling recursively for packages in '/home/felipeleao/Ponderadas-progM8/ponderada/pacotao'
[10.746s] Level 1:colcon.colcon_core.package_identification:_identify(.) by extensions ['ignore', 'ignore_ament_install']
[10.747s] Level 1:colcon.colcon_core.package_identification:_identify(.) by extension 'ignore'
[10.747s] Level 1:colcon.colcon_core.package_identification:_identify(.) by extension 'ignore_ament_install'
[10.748s] Level 1:colcon.colcon_core.package_identification:_identify(.) by extensions ['colcon_pkg']
[10.748s] Level 1:colcon.colcon_core.package_identification:_identify(.) by extension 'colcon_pkg'
[10.749s] Level 1:colcon.colcon_core.package_identification:_identify(.) by extensions ['colcon_meta']
[10.750s] Level 1:colcon.colcon_core.package_identification:_identify(.) by extension 'colcon_meta'
[10.750s] Level 1:colcon.colcon_core.package_identification:_identify(.) by extensions ['ros']
[10.750s] Level 1:colcon.colcon_core.package_identification:_identify(.) by extension 'ros'
[10.832s] DEBUG:colcon.colcon_core.package_identification:Package '.' with type 'ros.ament_python' and name 'pacotao'
[10.844s] Level 1:colcon.colcon_core.package_discovery:discover_packages(recursive) using defaults
[10.845s] Level 1:colcon.colcon_core.package_discovery:discover_packages(ignore) discover
[10.846s] Level 1:colcon.colcon_core.package_discovery:discover_packages(ignore) using defaults
[10.846s] Level 1:colcon.colcon_core.package_discovery:discover_packages(path) discover
[10.846s] Level 1:colcon.colcon_core.package_discovery:discover_packages(path) using defaults
[11.615s] Level 1:colcon.colcon_core.package_discovery:discover_packages(prefix_path) check parameters
[11.623s] Level 1:colcon.colcon_core.package_discovery:discover_packages(prefix_path) discover
[11.898s] DEBUG:colcon.colcon_installed_package_information.package_discovery:Found 1 installed packages in /home/felipeleao/Ponderadas-progM8/ponderada/pacotao/install
[12.004s] DEBUG:colcon.colcon_installed_package_information.package_discovery:Found 388 installed packages in /opt/ros/humble
[12.049s] Level 1:colcon.colcon_core.package_discovery:discover_packages(prefix_path) using defaults
[13.421s] Level 5:colcon.colcon_core.verb:set package 'pacotao' build argument 'cmake_args' from command line to 'None'
[13.439s] Level 5:colcon.colcon_core.verb:set package 'pacotao' build argument 'cmake_target' from command line to 'None'
[13.440s] Level 5:colcon.colcon_core.verb:set package 'pacotao' build argument 'cmake_target_skip_unavailable' from command line to 'False'
[13.440s] Level 5:colcon.colcon_core.verb:set package 'pacotao' build argument 'cmake_clean_cache' from command line to 'False'
[13.440s] Level 5:colcon.colcon_core.verb:set package 'pacotao' build argument 'cmake_clean_first' from command line to 'False'
[13.441s] Level 5:colcon.colcon_core.verb:set package 'pacotao' build argument 'cmake_force_configure' from command line to 'False'
[13.441s] Level 5:colcon.colcon_core.verb:set package 'pacotao' build argument 'ament_cmake_args' from command line to 'None'
[13.441s] Level 5:colcon.colcon_core.verb:set package 'pacotao' build argument 'catkin_cmake_args' from command line to 'None'
[13.442s] Level 5:colcon.colcon_core.verb:set package 'pacotao' build argument 'catkin_skip_building_tests' from command line to 'False'
[13.447s] DEBUG:colcon.colcon_core.verb:Building package 'pacotao' with the following arguments: {'ament_cmake_args': None, 'build_base': '/home/felipeleao/Ponderadas-progM8/ponderada/pacotao/build/pacotao', 'catkin_cmake_args': None, 'catkin_skip_building_tests': False, 'cmake_args': None, 'cmake_clean_cache': False, 'cmake_clean_first': False, 'cmake_force_configure': False, 'cmake_target': None, 'cmake_target_skip_unavailable': False, 'install_base': '/home/felipeleao/Ponderadas-progM8/ponderada/pacotao/install/pacotao', 'merge_install': False, 'path': '/home/felipeleao/Ponderadas-progM8/ponderada/pacotao', 'symlink_install': False, 'test_result_base': None}
[13.694s] INFO:colcon.colcon_core.executor:Executing jobs using 'parallel' executor
[13.952s] DEBUG:colcon.colcon_parallel_executor.executor.parallel:run_until_complete
[13.954s] INFO:colcon.colcon_ros.task.ament_python.build:Building ROS package in '/home/felipeleao/Ponderadas-progM8/ponderada/pacotao' with build type 'ament_python'
[13.955s] Level 1:colcon.colcon_core.shell:create_environment_hook('pacotao', 'ament_prefix_path')
[14.266s] INFO:colcon.colcon_core.plugin_system:Skipping extension 'colcon_core.shell.bat': Not used on non-Windows systems
[14.267s] INFO:colcon.colcon_core.shell:Creating environment hook '/home/felipeleao/Ponderadas-progM8/ponderada/pacotao/install/pacotao/share/pacotao/hook/ament_prefix_path.ps1'
[14.284s] INFO:colcon.colcon_core.shell:Creating environment descriptor '/home/felipeleao/Ponderadas-progM8/ponderada/pacotao/install/pacotao/share/pacotao/hook/ament_prefix_path.dsv'
[14.287s] INFO:colcon.colcon_core.shell:Creating environment hook '/home/felipeleao/Ponderadas-progM8/ponderada/pacotao/install/pacotao/share/pacotao/hook/ament_prefix_path.sh'
[14.350s] INFO:colcon.colcon_core.shell:Skip shell extension 'powershell' for command environment: Not usable outside of PowerShell
[14.350s] DEBUG:colcon.colcon_core.shell:Skip shell extension 'dsv' for command environment
[18.186s] INFO:colcon.colcon_core.task.python.build:Building Python package in '/home/felipeleao/Ponderadas-progM8/ponderada/pacotao'
[18.264s] INFO:colcon.colcon_core.shell:Skip shell extension 'powershell' for command environment: Not usable outside of PowerShell
[18.264s] DEBUG:colcon.colcon_core.shell:Skip shell extension 'dsv' for command environment
[25.016s] DEBUG:colcon.colcon_core.event_handler.log_command:Invoking command in '/home/felipeleao/Ponderadas-progM8/ponderada/pacotao': PYTHONPATH=/home/felipeleao/Ponderadas-progM8/ponderada/pacotao/build/pacotao/prefix_override:/home/felipeleao/Ponderadas-progM8/ponderada/pacotao/install/pacotao/lib/python3.10/site-packages:${PYTHONPATH} /usr/bin/python3 setup.py egg_info --egg-base build/pacotao build --build-base /home/felipeleao/Ponderadas-progM8/ponderada/pacotao/build/pacotao/build install --record /home/felipeleao/Ponderadas-progM8/ponderada/pacotao/build/pacotao/install.log --single-version-externally-managed
[28.916s] DEBUG:colcon.colcon_core.event_handler.log_command:Invoked command in '/home/felipeleao/Ponderadas-progM8/ponderada/pacotao' returned '0': PYTHONPATH=/home/felipeleao/Ponderadas-progM8/ponderada/pacotao/build/pacotao/prefix_override:/home/felipeleao/Ponderadas-progM8/ponderada/pacotao/install/pacotao/lib/python3.10/site-packages:${PYTHONPATH} /usr/bin/python3 setup.py egg_info --egg-base build/pacotao build --build-base /home/felipeleao/Ponderadas-progM8/ponderada/pacotao/build/pacotao/build install --record /home/felipeleao/Ponderadas-progM8/ponderada/pacotao/build/pacotao/install.log --single-version-externally-managed
[29.052s] Level 1:colcon.colcon_core.environment:checking '/home/felipeleao/Ponderadas-progM8/ponderada/pacotao/install/pacotao' for CMake module files
[29.063s] Level 1:colcon.colcon_core.environment:checking '/home/felipeleao/Ponderadas-progM8/ponderada/pacotao/install/pacotao' for CMake config files
[29.065s] Level 1:colcon.colcon_core.environment:checking '/home/felipeleao/Ponderadas-progM8/ponderada/pacotao/install/pacotao/lib'
[29.065s] Level 1:colcon.colcon_core.environment:checking '/home/felipeleao/Ponderadas-progM8/ponderada/pacotao/install/pacotao/bin'
[29.066s] Level 1:colcon.colcon_core.environment:checking '/home/felipeleao/Ponderadas-progM8/ponderada/pacotao/install/pacotao/lib/pkgconfig/pacotao.pc'
[29.067s] Level 1:colcon.colcon_core.environment:checking '/home/felipeleao/Ponderadas-progM8/ponderada/pacotao/install/pacotao/lib/python3.10/site-packages'
[29.067s] Level 1:colcon.colcon_core.shell:create_environment_hook('pacotao', 'pythonpath')
[29.092s] INFO:colcon.colcon_core.shell:Creating environment hook '/home/felipeleao/Ponderadas-progM8/ponderada/pacotao/install/pacotao/share/pacotao/hook/pythonpath.ps1'
[29.093s] INFO:colcon.colcon_core.shell:Creating environment descriptor '/home/felipeleao/Ponderadas-progM8/ponderada/pacotao/install/pacotao/share/pacotao/hook/pythonpath.dsv'
[29.095s] INFO:colcon.colcon_core.shell:Creating environment hook '/home/felipeleao/Ponderadas-progM8/ponderada/pacotao/install/pacotao/share/pacotao/hook/pythonpath.sh'
[29.097s] Level 1:colcon.colcon_core.environment:checking '/home/felipeleao/Ponderadas-progM8/ponderada/pacotao/install/pacotao/bin'
[29.098s] Level 1:colcon.colcon_core.environment:create_environment_scripts_only(pacotao)
[29.123s] INFO:colcon.colcon_core.shell:Creating package script '/home/felipeleao/Ponderadas-progM8/ponderada/pacotao/install/pacotao/share/pacotao/package.ps1'
[29.134s] INFO:colcon.colcon_core.shell:Creating package descriptor '/home/felipeleao/Ponderadas-progM8/ponderada/pacotao/install/pacotao/share/pacotao/package.dsv'
[29.137s] INFO:colcon.colcon_core.shell:Creating package script '/home/felipeleao/Ponderadas-progM8/ponderada/pacotao/install/pacotao/share/pacotao/package.sh'
[29.148s] INFO:colcon.colcon_core.shell:Creating package script '/home/felipeleao/Ponderadas-progM8/ponderada/pacotao/install/pacotao/share/pacotao/package.bash'
[29.151s] INFO:colcon.colcon_core.shell:Creating package script '/home/felipeleao/Ponderadas-progM8/ponderada/pacotao/install/pacotao/share/pacotao/package.zsh'
[29.154s] Level 1:colcon.colcon_core.environment:create_file_with_runtime_dependencies(/home/felipeleao/Ponderadas-progM8/ponderada/pacotao/install/pacotao/share/colcon-core/packages/pacotao)
[29.157s] DEBUG:colcon.colcon_parallel_executor.executor.parallel:closing loop
[29.158s] DEBUG:colcon.colcon_parallel_executor.executor.parallel:loop closed
[29.158s] DEBUG:colcon.colcon_parallel_executor.executor.parallel:run_until_complete finished with '0'
[29.158s] DEBUG:colcon.colcon_core.event_reactor:joining thread
[29.207s] INFO:colcon.colcon_core.plugin_system:Skipping extension 'colcon_notification.desktop_notification.terminal_notifier': Not used on non-Darwin systems
[29.207s] INFO:colcon.colcon_core.plugin_system:Skipping extension 'colcon_notification.desktop_notification.win32': Not used on non-Windows systems
[29.208s] INFO:colcon.colcon_notification.desktop_notification:Sending desktop notification using 'notify2'
[29.227s] DEBUG:colcon.colcon_core.event_reactor:joined thread
[29.265s] INFO:colcon.colcon_core.shell:Creating prefix script '/home/felipeleao/Ponderadas-progM8/ponderada/pacotao/install/local_setup.ps1'
[29.269s] INFO:colcon.colcon_core.shell:Creating prefix util module '/home/felipeleao/Ponderadas-progM8/ponderada/pacotao/install/_local_setup_util_ps1.py'
[29.276s] INFO:colcon.colcon_core.shell:Creating prefix chain script '/home/felipeleao/Ponderadas-progM8/ponderada/pacotao/install/setup.ps1'
[29.565s] INFO:colcon.colcon_core.shell:Creating prefix script '/home/felipeleao/Ponderadas-progM8/ponderada/pacotao/install/local_setup.sh'
[29.567s] INFO:colcon.colcon_core.shell:Creating prefix util module '/home/felipeleao/Ponderadas-progM8/ponderada/pacotao/install/_local_setup_util_sh.py'
[29.568s] INFO:colcon.colcon_core.shell:Creating prefix chain script '/home/felipeleao/Ponderadas-progM8/ponderada/pacotao/install/setup.sh'
[29.669s] INFO:colcon.colcon_core.shell:Creating prefix script '/home/felipeleao/Ponderadas-progM8/ponderada/pacotao/install/local_setup.bash'
[29.672s] INFO:colcon.colcon_core.shell:Creating prefix chain script '/home/felipeleao/Ponderadas-progM8/ponderada/pacotao/install/setup.bash'
[29.799s] INFO:colcon.colcon_core.shell:Creating prefix script '/home/felipeleao/Ponderadas-progM8/ponderada/pacotao/install/local_setup.zsh'
[29.816s] INFO:colcon.colcon_core.shell:Creating prefix chain script '/home/felipeleao/Ponderadas-progM8/ponderada/pacotao/install/setup.zsh'
