[0.697s] Invoking command in '/home/felipeleao/Ponderadas-progM8/ponderada/pacotao': PYTHONPATH=/home/felipeleao/Ponderadas-progM8/ponderada/pacotao/build/pacotao/prefix_override:/home/felipeleao/Ponderadas-progM8/ponderada/pacotao/install/pacotao/lib/python3.10/site-packages:${PYTHONPATH} /usr/bin/python3 setup.py egg_info --egg-base build/pacotao build --build-base /home/felipeleao/Ponderadas-progM8/ponderada/pacotao/build/pacotao/build install --record /home/felipeleao/Ponderadas-progM8/ponderada/pacotao/build/pacotao/install.log --single-version-externally-managed
[0.856s] running egg_info
[0.856s] writing build/pacotao/pacotao.egg-info/PKG-INFO
[0.858s] writing dependency_links to build/pacotao/pacotao.egg-info/dependency_links.txt
[0.858s] writing entry points to build/pacotao/pacotao.egg-info/entry_points.txt
[0.858s] writing requirements to build/pacotao/pacotao.egg-info/requires.txt
[0.858s] writing top-level names to build/pacotao/pacotao.egg-info/top_level.txt
[0.859s] reading manifest file 'build/pacotao/pacotao.egg-info/SOURCES.txt'
[0.860s] writing manifest file 'build/pacotao/pacotao.egg-info/SOURCES.txt'
[0.860s] running build
[0.860s] running build_py
[0.861s] running install
[0.862s] /usr/lib/python3/dist-packages/setuptools/command/install.py:34: SetuptoolsDeprecationWarning: setup.py install is deprecated. Use build and pip and other standards-based tools.
[0.862s]   warnings.warn(
[0.862s] running install_lib
[0.864s] running install_data
[0.865s] copying launch/run.launch.py -> /home/felipeleao/Ponderadas-progM8/ponderada/pacotao/install/pacotao/share/pacotao/launch
[0.865s] running install_egg_info
[0.866s] removing '/home/felipeleao/Ponderadas-progM8/ponderada/pacotao/install/pacotao/lib/python3.10/site-packages/pacotao-0.0.0-py3.10.egg-info' (and everything under it)
[0.867s] Copying build/pacotao/pacotao.egg-info to /home/felipeleao/Ponderadas-progM8/ponderada/pacotao/install/pacotao/lib/python3.10/site-packages/pacotao-0.0.0-py3.10.egg-info
[0.867s] running install_scripts
[0.882s] Installing trajeto script to /home/felipeleao/Ponderadas-progM8/ponderada/pacotao/install/pacotao/lib/pacotao
[0.883s] writing list of installed files to '/home/felipeleao/Ponderadas-progM8/ponderada/pacotao/build/pacotao/install.log'
[0.900s] Invoked command in '/home/felipeleao/Ponderadas-progM8/ponderada/pacotao' returned '0': PYTHONPATH=/home/felipeleao/Ponderadas-progM8/ponderada/pacotao/build/pacotao/prefix_override:/home/felipeleao/Ponderadas-progM8/ponderada/pacotao/install/pacotao/lib/python3.10/site-packages:${PYTHONPATH} /usr/bin/python3 setup.py egg_info --egg-base build/pacotao build --build-base /home/felipeleao/Ponderadas-progM8/ponderada/pacotao/build/pacotao/build install --record /home/felipeleao/Ponderadas-progM8/ponderada/pacotao/build/pacotao/install.log --single-version-externally-managed
