[0.878s] DEBUG:colcon:Command line arguments: ['/usr/bin/colcon', 'build']
[0.878s] DEBUG:colcon:Parsed command line arguments: Namespace(log_base=None, log_level=None, verb_name='build', build_base='build', install_base='install', merge_install=False, symlink_install=False, test_result_base=None, continue_on_error=False, executor='parallel', parallel_workers=8, event_handlers=None, ignore_user_meta=False, metas=['./colcon.meta'], base_paths=['.'], packages_ignore=None, packages_ignore_regex=None, paths=None, packages_up_to=None, packages_up_to_regex=None, packages_above=None, packages_above_and_dependencies=None, packages_above_depth=None, packages_select_by_dep=None, packages_skip_by_dep=None, packages_skip_up_to=None, packages_select_build_failed=False, packages_skip_build_finished=False, packages_select_test_failures=False, packages_skip_test_passed=False, packages_select=None, packages_skip=None, packages_select_regex=None, packages_skip_regex=None, packages_start=None, packages_end=None, allow_overriding=[], cmake_args=None, cmake_target=None, cmake_target_skip_unavailable=False, cmake_clean_cache=False, cmake_clean_first=False, cmake_force_configure=False, ament_cmake_args=None, catkin_cmake_args=None, catkin_skip_building_tests=False, verb_parser=<colcon_defaults.argument_parser.defaults.DefaultArgumentsDecorator object at 0x7efe83e88ca0>, verb_extension=<colcon_core.verb.build.BuildVerb object at 0x7efe83e8a740>, main=<bound method BuildVerb.main of <colcon_core.verb.build.BuildVerb object at 0x7efe83e8a740>>)
[0.951s] Level 1:colcon.colcon_core.package_discovery:discover_packages(colcon_meta) check parameters
[0.951s] Level 1:colcon.colcon_core.package_discovery:discover_packages(recursive) check parameters
[0.951s] Level 1:colcon.colcon_core.package_discovery:discover_packages(ignore) check parameters
[0.951s] Level 1:colcon.colcon_core.package_discovery:discover_packages(path) check parameters
[0.951s] Level 1:colcon.colcon_core.package_discovery:discover_packages(colcon_meta) discover
[0.951s] Level 1:colcon.colcon_core.package_discovery:discover_packages(recursive) discover
[0.951s] INFO:colcon.colcon_core.package_discovery:Crawling recursively for packages in '/home/felipeleao/Ponderadas-progM8/ponderada/pacotao'
[0.951s] Level 1:colcon.colcon_core.package_identification:_identify(.) by extensions ['ignore', 'ignore_ament_install']
[0.951s] Level 1:colcon.colcon_core.package_identification:_identify(.) by extension 'ignore'
[0.951s] Level 1:colcon.colcon_core.package_identification:_identify(.) by extension 'ignore_ament_install'
[0.951s] Level 1:colcon.colcon_core.package_identification:_identify(.) by extensions ['colcon_pkg']
[0.951s] Level 1:colcon.colcon_core.package_identification:_identify(.) by extension 'colcon_pkg'
[0.951s] Level 1:colcon.colcon_core.package_identification:_identify(.) by extensions ['colcon_meta']
[0.951s] Level 1:colcon.colcon_core.package_identification:_identify(.) by extension 'colcon_meta'
[0.951s] Level 1:colcon.colcon_core.package_identification:_identify(.) by extensions ['ros']
[0.951s] Level 1:colcon.colcon_core.package_identification:_identify(.) by extension 'ros'
[0.962s] DEBUG:colcon.colcon_core.package_identification:Package '.' with type 'ros.ament_python' and name 'pacotao'
[0.962s] Level 1:colcon.colcon_core.package_discovery:discover_packages(recursive) using defaults
[0.962s] Level 1:colcon.colcon_core.package_discovery:discover_packages(ignore) discover
[0.962s] Level 1:colcon.colcon_core.package_discovery:discover_packages(ignore) using defaults
[0.962s] Level 1:colcon.colcon_core.package_discovery:discover_packages(path) discover
[0.962s] Level 1:colcon.colcon_core.package_discovery:discover_packages(path) using defaults
[1.086s] Level 1:colcon.colcon_core.package_discovery:discover_packages(prefix_path) check parameters
[1.086s] Level 1:colcon.colcon_core.package_discovery:discover_packages(prefix_path) discover
[1.112s] DEBUG:colcon.colcon_installed_package_information.package_discovery:Found 388 installed packages in /opt/ros/humble
[1.113s] Level 1:colcon.colcon_core.package_discovery:discover_packages(prefix_path) using defaults
[1.194s] Level 5:colcon.colcon_core.verb:set package 'pacotao' build argument 'cmake_args' from command line to 'None'
[1.194s] Level 5:colcon.colcon_core.verb:set package 'pacotao' build argument 'cmake_target' from command line to 'None'
[1.194s] Level 5:colcon.colcon_core.verb:set package 'pacotao' build argument 'cmake_target_skip_unavailable' from command line to 'False'
[1.194s] Level 5:colcon.colcon_core.verb:set package 'pacotao' build argument 'cmake_clean_cache' from command line to 'False'
[1.194s] Level 5:colcon.colcon_core.verb:set package 'pacotao' build argument 'cmake_clean_first' from command line to 'False'
[1.194s] Level 5:colcon.colcon_core.verb:set package 'pacotao' build argument 'cmake_force_configure' from command line to 'False'
[1.194s] Level 5:colcon.colcon_core.verb:set package 'pacotao' build argument 'ament_cmake_args' from command line to 'None'
[1.194s] Level 5:colcon.colcon_core.verb:set package 'pacotao' build argument 'catkin_cmake_args' from command line to 'None'
[1.194s] Level 5:colcon.colcon_core.verb:set package 'pacotao' build argument 'catkin_skip_building_tests' from command line to 'False'
[1.194s] DEBUG:colcon.colcon_core.verb:Building package 'pacotao' with the following arguments: {'ament_cmake_args': None, 'build_base': '/home/felipeleao/Ponderadas-progM8/ponderada/pacotao/build/pacotao', 'catkin_cmake_args': None, 'catkin_skip_building_tests': False, 'cmake_args': None, 'cmake_clean_cache': False, 'cmake_clean_first': False, 'cmake_force_configure': False, 'cmake_target': None, 'cmake_target_skip_unavailable': False, 'install_base': '/home/felipeleao/Ponderadas-progM8/ponderada/pacotao/install/pacotao', 'merge_install': False, 'path': '/home/felipeleao/Ponderadas-progM8/ponderada/pacotao', 'symlink_install': False, 'test_result_base': None}
[1.203s] INFO:colcon.colcon_core.executor:Executing jobs using 'parallel' executor
[1.214s] DEBUG:colcon.colcon_parallel_executor.executor.parallel:run_until_complete
[1.214s] INFO:colcon.colcon_ros.task.ament_python.build:Building ROS package in '/home/felipeleao/Ponderadas-progM8/ponderada/pacotao' with build type 'ament_python'
[1.214s] Level 1:colcon.colcon_core.shell:create_environment_hook('pacotao', 'ament_prefix_path')
[1.232s] INFO:colcon.colcon_core.plugin_system:Skipping extension 'colcon_core.shell.bat': Not used on non-Windows systems
[1.233s] INFO:colcon.colcon_core.shell:Creating environment hook '/home/felipeleao/Ponderadas-progM8/ponderada/pacotao/install/pacotao/share/pacotao/hook/ament_prefix_path.ps1'
[1.235s] INFO:colcon.colcon_core.shell:Creating environment descriptor '/home/felipeleao/Ponderadas-progM8/ponderada/pacotao/install/pacotao/share/pacotao/hook/ament_prefix_path.dsv'
[1.236s] INFO:colcon.colcon_core.shell:Creating environment hook '/home/felipeleao/Ponderadas-progM8/ponderada/pacotao/install/pacotao/share/pacotao/hook/ament_prefix_path.sh'
[1.248s] INFO:colcon.colcon_core.shell:Skip shell extension 'powershell' for command environment: Not usable outside of PowerShell
[1.248s] DEBUG:colcon.colcon_core.shell:Skip shell extension 'dsv' for command environment
[1.440s] INFO:colcon.colcon_core.task.python.build:Building Python package in '/home/felipeleao/Ponderadas-progM8/ponderada/pacotao'
[1.451s] INFO:colcon.colcon_core.shell:Skip shell extension 'powershell' for command environment: Not usable outside of PowerShell
[1.451s] DEBUG:colcon.colcon_core.shell:Skip shell extension 'dsv' for command environment
[1.912s] DEBUG:colcon.colcon_core.event_handler.log_command:Invoking command in '/home/felipeleao/Ponderadas-progM8/ponderada/pacotao': PYTHONPATH=/home/felipeleao/Ponderadas-progM8/ponderada/pacotao/build/pacotao/prefix_override:/home/felipeleao/Ponderadas-progM8/ponderada/pacotao/install/pacotao/lib/python3.10/site-packages:${PYTHONPATH} /usr/bin/python3 setup.py egg_info --egg-base build/pacotao build --build-base /home/felipeleao/Ponderadas-progM8/ponderada/pacotao/build/pacotao/build install --record /home/felipeleao/Ponderadas-progM8/ponderada/pacotao/build/pacotao/install.log --single-version-externally-managed
[2.115s] DEBUG:colcon.colcon_core.event_handler.log_command:Invoked command in '/home/felipeleao/Ponderadas-progM8/ponderada/pacotao' returned '0': PYTHONPATH=/home/felipeleao/Ponderadas-progM8/ponderada/pacotao/build/pacotao/prefix_override:/home/felipeleao/Ponderadas-progM8/ponderada/pacotao/install/pacotao/lib/python3.10/site-packages:${PYTHONPATH} /usr/bin/python3 setup.py egg_info --egg-base build/pacotao build --build-base /home/felipeleao/Ponderadas-progM8/ponderada/pacotao/build/pacotao/build install --record /home/felipeleao/Ponderadas-progM8/ponderada/pacotao/build/pacotao/install.log --single-version-externally-managed
[2.131s] Level 1:colcon.colcon_core.environment:checking '/home/felipeleao/Ponderadas-progM8/ponderada/pacotao/install/pacotao' for CMake module files
[2.132s] Level 1:colcon.colcon_core.environment:checking '/home/felipeleao/Ponderadas-progM8/ponderada/pacotao/install/pacotao' for CMake config files
[2.133s] Level 1:colcon.colcon_core.environment:checking '/home/felipeleao/Ponderadas-progM8/ponderada/pacotao/install/pacotao/lib'
[2.133s] Level 1:colcon.colcon_core.environment:checking '/home/felipeleao/Ponderadas-progM8/ponderada/pacotao/install/pacotao/bin'
[2.133s] Level 1:colcon.colcon_core.environment:checking '/home/felipeleao/Ponderadas-progM8/ponderada/pacotao/install/pacotao/lib/pkgconfig/pacotao.pc'
[2.133s] Level 1:colcon.colcon_core.environment:checking '/home/felipeleao/Ponderadas-progM8/ponderada/pacotao/install/pacotao/lib/python3.10/site-packages'
[2.133s] Level 1:colcon.colcon_core.shell:create_environment_hook('pacotao', 'pythonpath')
[2.142s] INFO:colcon.colcon_core.shell:Creating environment hook '/home/felipeleao/Ponderadas-progM8/ponderada/pacotao/install/pacotao/share/pacotao/hook/pythonpath.ps1'
[2.143s] INFO:colcon.colcon_core.shell:Creating environment descriptor '/home/felipeleao/Ponderadas-progM8/ponderada/pacotao/install/pacotao/share/pacotao/hook/pythonpath.dsv'
[2.143s] INFO:colcon.colcon_core.shell:Creating environment hook '/home/felipeleao/Ponderadas-progM8/ponderada/pacotao/install/pacotao/share/pacotao/hook/pythonpath.sh'
[2.143s] Level 1:colcon.colcon_core.environment:checking '/home/felipeleao/Ponderadas-progM8/ponderada/pacotao/install/pacotao/bin'
[2.143s] Level 1:colcon.colcon_core.environment:create_environment_scripts_only(pacotao)
[2.153s] INFO:colcon.colcon_core.shell:Creating package script '/home/felipeleao/Ponderadas-progM8/ponderada/pacotao/install/pacotao/share/pacotao/package.ps1'
[2.155s] INFO:colcon.colcon_core.shell:Creating package descriptor '/home/felipeleao/Ponderadas-progM8/ponderada/pacotao/install/pacotao/share/pacotao/package.dsv'
[2.156s] INFO:colcon.colcon_core.shell:Creating package script '/home/felipeleao/Ponderadas-progM8/ponderada/pacotao/install/pacotao/share/pacotao/package.sh'
[2.157s] INFO:colcon.colcon_core.shell:Creating package script '/home/felipeleao/Ponderadas-progM8/ponderada/pacotao/install/pacotao/share/pacotao/package.bash'
[2.158s] INFO:colcon.colcon_core.shell:Creating package script '/home/felipeleao/Ponderadas-progM8/ponderada/pacotao/install/pacotao/share/pacotao/package.zsh'
[2.160s] Level 1:colcon.colcon_core.environment:create_file_with_runtime_dependencies(/home/felipeleao/Ponderadas-progM8/ponderada/pacotao/install/pacotao/share/colcon-core/packages/pacotao)
[2.160s] DEBUG:colcon.colcon_parallel_executor.executor.parallel:closing loop
[2.161s] DEBUG:colcon.colcon_parallel_executor.executor.parallel:loop closed
[2.161s] DEBUG:colcon.colcon_parallel_executor.executor.parallel:run_until_complete finished with '0'
[2.161s] DEBUG:colcon.colcon_core.event_reactor:joining thread
[2.185s] INFO:colcon.colcon_core.plugin_system:Skipping extension 'colcon_notification.desktop_notification.terminal_notifier': Not used on non-Darwin systems
[2.185s] INFO:colcon.colcon_core.plugin_system:Skipping extension 'colcon_notification.desktop_notification.win32': Not used on non-Windows systems
[2.185s] INFO:colcon.colcon_notification.desktop_notification:Sending desktop notification using 'notify2'
[2.195s] DEBUG:colcon.colcon_core.event_reactor:joined thread
[2.204s] INFO:colcon.colcon_core.shell:Creating prefix script '/home/felipeleao/Ponderadas-progM8/ponderada/pacotao/install/local_setup.ps1'
[2.206s] INFO:colcon.colcon_core.shell:Creating prefix util module '/home/felipeleao/Ponderadas-progM8/ponderada/pacotao/install/_local_setup_util_ps1.py'
[2.210s] INFO:colcon.colcon_core.shell:Creating prefix chain script '/home/felipeleao/Ponderadas-progM8/ponderada/pacotao/install/setup.ps1'
[2.220s] INFO:colcon.colcon_core.shell:Creating prefix script '/home/felipeleao/Ponderadas-progM8/ponderada/pacotao/install/local_setup.sh'
[2.222s] INFO:colcon.colcon_core.shell:Creating prefix util module '/home/felipeleao/Ponderadas-progM8/ponderada/pacotao/install/_local_setup_util_sh.py'
[2.222s] INFO:colcon.colcon_core.shell:Creating prefix chain script '/home/felipeleao/Ponderadas-progM8/ponderada/pacotao/install/setup.sh'
[2.233s] INFO:colcon.colcon_core.shell:Creating prefix script '/home/felipeleao/Ponderadas-progM8/ponderada/pacotao/install/local_setup.bash'
[2.234s] INFO:colcon.colcon_core.shell:Creating prefix chain script '/home/felipeleao/Ponderadas-progM8/ponderada/pacotao/install/setup.bash'
[2.245s] INFO:colcon.colcon_core.shell:Creating prefix script '/home/felipeleao/Ponderadas-progM8/ponderada/pacotao/install/local_setup.zsh'
[2.247s] INFO:colcon.colcon_core.shell:Creating prefix chain script '/home/felipeleao/Ponderadas-progM8/ponderada/pacotao/install/setup.zsh'
