[0.482s] Invoking command in '/home/felipeleao/Ponderadas-progM8/ponderada/pacotao': PYTHONPATH=/home/felipeleao/Ponderadas-progM8/ponderada/pacotao/build/pacotao/prefix_override:/home/felipeleao/Ponderadas-progM8/ponderada/pacotao/install/pacotao/lib/python3.10/site-packages:${PYTHONPATH} /usr/bin/python3 setup.py egg_info --egg-base build/pacotao build --build-base /home/felipeleao/Ponderadas-progM8/ponderada/pacotao/build/pacotao/build install --record /home/felipeleao/Ponderadas-progM8/ponderada/pacotao/build/pacotao/install.log --single-version-externally-managed
[0.633s] running egg_info
[0.633s] writing build/pacotao/pacotao.egg-info/PKG-INFO
[0.634s] writing dependency_links to build/pacotao/pacotao.egg-info/dependency_links.txt
[0.634s] writing entry points to build/pacotao/pacotao.egg-info/entry_points.txt
[0.634s] writing requirements to build/pacotao/pacotao.egg-info/requires.txt
[0.634s] writing top-level names to build/pacotao/pacotao.egg-info/top_level.txt
[0.635s] reading manifest file 'build/pacotao/pacotao.egg-info/SOURCES.txt'
[0.636s] writing manifest file 'build/pacotao/pacotao.egg-info/SOURCES.txt'
[0.636s] running build
[0.636s] running build_py
[0.636s] running install
[0.636s] /usr/lib/python3/dist-packages/setuptools/command/install.py:34: SetuptoolsDeprecationWarning: setup.py install is deprecated. Use build and pip and other standards-based tools.
[0.636s]   warnings.warn(
[0.636s] running install_lib
[0.637s] running install_data
[0.638s] running install_egg_info
[0.639s] removing '/home/felipeleao/Ponderadas-progM8/ponderada/pacotao/install/pacotao/lib/python3.10/site-packages/pacotao-0.0.0-py3.10.egg-info' (and everything under it)
[0.639s] Copying build/pacotao/pacotao.egg-info to /home/felipeleao/Ponderadas-progM8/ponderada/pacotao/install/pacotao/lib/python3.10/site-packages/pacotao-0.0.0-py3.10.egg-info
[0.640s] running install_scripts
[0.655s] Installing trajeto script to /home/felipeleao/Ponderadas-progM8/ponderada/pacotao/install/pacotao/lib/pacotao
[0.655s] writing list of installed files to '/home/felipeleao/Ponderadas-progM8/ponderada/pacotao/build/pacotao/install.log'
[0.672s] Invoked command in '/home/felipeleao/Ponderadas-progM8/ponderada/pacotao' returned '0': PYTHONPATH=/home/felipeleao/Ponderadas-progM8/ponderada/pacotao/build/pacotao/prefix_override:/home/felipeleao/Ponderadas-progM8/ponderada/pacotao/install/pacotao/lib/python3.10/site-packages:${PYTHONPATH} /usr/bin/python3 setup.py egg_info --egg-base build/pacotao build --build-base /home/felipeleao/Ponderadas-progM8/ponderada/pacotao/build/pacotao/build install --record /home/felipeleao/Ponderadas-progM8/ponderada/pacotao/build/pacotao/install.log --single-version-externally-managed
