running egg_info
creating build/pacotao/pacotao.egg-info
writing build/pacotao/pacotao.egg-info/PKG-INFO
writing dependency_links to build/pacotao/pacotao.egg-info/dependency_links.txt
writing entry points to build/pacotao/pacotao.egg-info/entry_points.txt
writing requirements to build/pacotao/pacotao.egg-info/requires.txt
writing top-level names to build/pacotao/pacotao.egg-info/top_level.txt
writing manifest file 'build/pacotao/pacotao.egg-info/SOURCES.txt'
reading manifest file 'build/pacotao/pacotao.egg-info/SOURCES.txt'
writing manifest file 'build/pacotao/pacotao.egg-info/SOURCES.txt'
running build
running build_py
creating /home/felipeleao/Ponderadas-progM8/ponderada/pacotao/build/pacotao/build
creating /home/felipeleao/Ponderadas-progM8/ponderada/pacotao/build/pacotao/build/lib
creating /home/felipeleao/Ponderadas-progM8/ponderada/pacotao/build/pacotao/build/lib/pacotao
copying pacotao/trajeto.py -> /home/felipeleao/Ponderadas-progM8/ponderada/pacotao/build/pacotao/build/lib/pacotao
copying pacotao/__init__.py -> /home/felipeleao/Ponderadas-progM8/ponderada/pacotao/build/pacotao/build/lib/pacotao
running install
/usr/lib/python3/dist-packages/setuptools/command/install.py:34: SetuptoolsDeprecationWarning: setup.py install is deprecated. Use build and pip and other standards-based tools.
  warnings.warn(
running install_lib
creating /home/felipeleao/Ponderadas-progM8/ponderada/pacotao/install/pacotao/lib/python3.10/site-packages/pacotao
copying /home/felipeleao/Ponderadas-progM8/ponderada/pacotao/build/pacotao/build/lib/pacotao/trajeto.py -> /home/felipeleao/Ponderadas-progM8/ponderada/pacotao/install/pacotao/lib/python3.10/site-packages/pacotao
copying /home/felipeleao/Ponderadas-progM8/ponderada/pacotao/build/pacotao/build/lib/pacotao/__init__.py -> /home/felipeleao/Ponderadas-progM8/ponderada/pacotao/install/pacotao/lib/python3.10/site-packages/pacotao
byte-compiling /home/felipeleao/Ponderadas-progM8/ponderada/pacotao/install/pacotao/lib/python3.10/site-packages/pacotao/trajeto.py to trajeto.cpython-310.pyc
byte-compiling /home/felipeleao/Ponderadas-progM8/ponderada/pacotao/install/pacotao/lib/python3.10/site-packages/pacotao/__init__.py to __init__.cpython-310.pyc
running install_data
creating /home/felipeleao/Ponderadas-progM8/ponderada/pacotao/install/pacotao/share/ament_index
creating /home/felipeleao/Ponderadas-progM8/ponderada/pacotao/install/pacotao/share/ament_index/resource_index
creating /home/felipeleao/Ponderadas-progM8/ponderada/pacotao/install/pacotao/share/ament_index/resource_index/packages
copying resource/pacotao -> /home/felipeleao/Ponderadas-progM8/ponderada/pacotao/install/pacotao/share/ament_index/resource_index/packages
copying package.xml -> /home/felipeleao/Ponderadas-progM8/ponderada/pacotao/install/pacotao/share/pacotao
running install_egg_info
Copying build/pacotao/pacotao.egg-info to /home/felipeleao/Ponderadas-progM8/ponderada/pacotao/install/pacotao/lib/python3.10/site-packages/pacotao-0.0.0-py3.10.egg-info
running install_scripts
writing list of installed files to '/home/felipeleao/Ponderadas-progM8/ponderada/pacotao/build/pacotao/install.log'
