[7.920s] Invoking command in '/home/felipeleao/Ponderadas-progM8/ponderada/pacotao': PYTHONPATH=/home/felipeleao/Ponderadas-progM8/ponderada/pacotao/build/pacotao/prefix_override:/home/felipeleao/Ponderadas-progM8/ponderada/pacotao/install/pacotao/lib/python3.10/site-packages:${PYTHONPATH} /usr/bin/python3 setup.py egg_info --egg-base build/pacotao build --build-base /home/felipeleao/Ponderadas-progM8/ponderada/pacotao/build/pacotao/build install --record /home/felipeleao/Ponderadas-progM8/ponderada/pacotao/build/pacotao/install.log --single-version-externally-managed
[11.132s] running egg_info
[11.139s] writing build/pacotao/pacotao.egg-info/PKG-INFO
[11.173s] writing dependency_links to build/pacotao/pacotao.egg-info/dependency_links.txt
[11.176s] writing entry points to build/pacotao/pacotao.egg-info/entry_points.txt
[11.178s] writing requirements to build/pacotao/pacotao.egg-info/requires.txt
[11.181s] writing top-level names to build/pacotao/pacotao.egg-info/top_level.txt
[11.187s] reading manifest file 'build/pacotao/pacotao.egg-info/SOURCES.txt'
[11.190s] writing manifest file 'build/pacotao/pacotao.egg-info/SOURCES.txt'
[11.194s] running build
[11.196s] running build_py
[11.198s] running install
[11.200s] running install_lib
[11.203s] running install_data
[11.205s] /usr/lib/python3/dist-packages/setuptools/command/install.py:34: SetuptoolsDeprecationWarning: setup.py install is deprecated. Use build and pip and other standards-based tools.
[11.206s]   warnings.warn(
[11.209s] running install_egg_info
[11.213s] removing '/home/felipeleao/Ponderadas-progM8/ponderada/pacotao/install/pacotao/lib/python3.10/site-packages/pacotao-0.0.0-py3.10.egg-info' (and everything under it)
[11.224s] Copying build/pacotao/pacotao.egg-info to /home/felipeleao/Ponderadas-progM8/ponderada/pacotao/install/pacotao/lib/python3.10/site-packages/pacotao-0.0.0-py3.10.egg-info
[11.245s] running install_scripts
[11.282s] Installing trajeto script to /home/felipeleao/Ponderadas-progM8/ponderada/pacotao/install/pacotao/lib/pacotao
[11.285s] writing list of installed files to '/home/felipeleao/Ponderadas-progM8/ponderada/pacotao/build/pacotao/install.log'
[11.347s] Invoked command in '/home/felipeleao/Ponderadas-progM8/ponderada/pacotao' returned '0': PYTHONPATH=/home/felipeleao/Ponderadas-progM8/ponderada/pacotao/build/pacotao/prefix_override:/home/felipeleao/Ponderadas-progM8/ponderada/pacotao/install/pacotao/lib/python3.10/site-packages:${PYTHONPATH} /usr/bin/python3 setup.py egg_info --egg-base build/pacotao build --build-base /home/felipeleao/Ponderadas-progM8/ponderada/pacotao/build/pacotao/build install --record /home/felipeleao/Ponderadas-progM8/ponderada/pacotao/build/pacotao/install.log --single-version-externally-managed
