[12.262s] DEBUG:colcon:Command line arguments: ['/usr/bin/colcon', 'build']
[12.262s] DEBUG:colcon:Parsed command line arguments: Namespace(log_base=None, log_level=None, verb_name='build', build_base='build', install_base='install', merge_install=False, symlink_install=False, test_result_base=None, continue_on_error=False, executor='parallel', parallel_workers=8, event_handlers=None, ignore_user_meta=False, metas=['./colcon.meta'], base_paths=['.'], packages_ignore=None, packages_ignore_regex=None, paths=None, packages_up_to=None, packages_up_to_regex=None, packages_above=None, packages_above_and_dependencies=None, packages_above_depth=None, packages_select_by_dep=None, packages_skip_by_dep=None, packages_skip_up_to=None, packages_select_build_failed=False, packages_skip_build_finished=False, packages_select_test_failures=False, packages_skip_test_passed=False, packages_select=None, packages_skip=None, packages_select_regex=None, packages_skip_regex=None, packages_start=None, packages_end=None, allow_overriding=[], cmake_args=None, cmake_target=None, cmake_target_skip_unavailable=False, cmake_clean_cache=False, cmake_clean_first=False, cmake_force_configure=False, ament_cmake_args=None, catkin_cmake_args=None, catkin_skip_building_tests=False, verb_parser=<colcon_defaults.argument_parser.defaults.DefaultArgumentsDecorator object at 0x7fe1096822c0>, verb_extension=<colcon_core.verb.build.BuildVerb object at 0x7fe109680f40>, main=<bound method BuildVerb.main of <colcon_core.verb.build.BuildVerb object at 0x7fe109680f40>>)
[12.905s] Level 1:colcon.colcon_core.package_discovery:discover_packages(colcon_meta) check parameters
[12.930s] Level 1:colcon.colcon_core.package_discovery:discover_packages(recursive) check parameters
[12.930s] Level 1:colcon.colcon_core.package_discovery:discover_packages(ignore) check parameters
[12.930s] Level 1:colcon.colcon_core.package_discovery:discover_packages(path) check parameters
[12.930s] Level 1:colcon.colcon_core.package_discovery:discover_packages(colcon_meta) discover
[12.931s] Level 1:colcon.colcon_core.package_discovery:discover_packages(recursive) discover
[12.931s] INFO:colcon.colcon_core.package_discovery:Crawling recursively for packages in '/home/felipeleao/Ponderadas-progM8/ponderada/pacotao'
[12.931s] Level 1:colcon.colcon_core.package_identification:_identify(.) by extensions ['ignore', 'ignore_ament_install']
[12.958s] Level 1:colcon.colcon_core.package_identification:_identify(.) by extension 'ignore'
[12.961s] Level 1:colcon.colcon_core.package_identification:_identify(.) by extension 'ignore_ament_install'
[12.965s] Level 1:colcon.colcon_core.package_identification:_identify(.) by extensions ['colcon_pkg']
[12.966s] Level 1:colcon.colcon_core.package_identification:_identify(.) by extension 'colcon_pkg'
[12.966s] Level 1:colcon.colcon_core.package_identification:_identify(.) by extensions ['colcon_meta']
[12.966s] Level 1:colcon.colcon_core.package_identification:_identify(.) by extension 'colcon_meta'
[12.966s] Level 1:colcon.colcon_core.package_identification:_identify(.) by extensions ['ros']
[12.973s] Level 1:colcon.colcon_core.package_identification:_identify(.) by extension 'ros'
[13.165s] DEBUG:colcon.colcon_core.package_identification:Package '.' with type 'ros.ament_python' and name 'pacotao'
[13.238s] Level 1:colcon.colcon_core.package_discovery:discover_packages(recursive) using defaults
[13.238s] Level 1:colcon.colcon_core.package_discovery:discover_packages(ignore) discover
[13.238s] Level 1:colcon.colcon_core.package_discovery:discover_packages(ignore) using defaults
[13.238s] Level 1:colcon.colcon_core.package_discovery:discover_packages(path) discover
[13.238s] Level 1:colcon.colcon_core.package_discovery:discover_packages(path) using defaults
[13.925s] Level 1:colcon.colcon_core.package_discovery:discover_packages(prefix_path) check parameters
[13.925s] Level 1:colcon.colcon_core.package_discovery:discover_packages(prefix_path) discover
[14.214s] DEBUG:colcon.colcon_installed_package_information.package_discovery:Found 1 installed packages in /home/felipeleao/Ponderadas-progM8/ponderada/pacotao/install
[14.380s] DEBUG:colcon.colcon_installed_package_information.package_discovery:Found 388 installed packages in /opt/ros/humble
[14.413s] Level 1:colcon.colcon_core.package_discovery:discover_packages(prefix_path) using defaults
[15.318s] Level 5:colcon.colcon_core.verb:set package 'pacotao' build argument 'cmake_args' from command line to 'None'
[15.329s] Level 5:colcon.colcon_core.verb:set package 'pacotao' build argument 'cmake_target' from command line to 'None'
[15.330s] Level 5:colcon.colcon_core.verb:set package 'pacotao' build argument 'cmake_target_skip_unavailable' from command line to 'False'
[15.330s] Level 5:colcon.colcon_core.verb:set package 'pacotao' build argument 'cmake_clean_cache' from command line to 'False'
[15.330s] Level 5:colcon.colcon_core.verb:set package 'pacotao' build argument 'cmake_clean_first' from command line to 'False'
[15.330s] Level 5:colcon.colcon_core.verb:set package 'pacotao' build argument 'cmake_force_configure' from command line to 'False'
[15.331s] Level 5:colcon.colcon_core.verb:set package 'pacotao' build argument 'ament_cmake_args' from command line to 'None'
[15.331s] Level 5:colcon.colcon_core.verb:set package 'pacotao' build argument 'catkin_cmake_args' from command line to 'None'
[15.331s] Level 5:colcon.colcon_core.verb:set package 'pacotao' build argument 'catkin_skip_building_tests' from command line to 'False'
[15.331s] DEBUG:colcon.colcon_core.verb:Building package 'pacotao' with the following arguments: {'ament_cmake_args': None, 'build_base': '/home/felipeleao/Ponderadas-progM8/ponderada/pacotao/build/pacotao', 'catkin_cmake_args': None, 'catkin_skip_building_tests': False, 'cmake_args': None, 'cmake_clean_cache': False, 'cmake_clean_first': False, 'cmake_force_configure': False, 'cmake_target': None, 'cmake_target_skip_unavailable': False, 'install_base': '/home/felipeleao/Ponderadas-progM8/ponderada/pacotao/install/pacotao', 'merge_install': False, 'path': '/home/felipeleao/Ponderadas-progM8/ponderada/pacotao', 'symlink_install': False, 'test_result_base': None}
[15.354s] INFO:colcon.colcon_core.executor:Executing jobs using 'parallel' executor
[15.395s] DEBUG:colcon.colcon_parallel_executor.executor.parallel:run_until_complete
[15.396s] INFO:colcon.colcon_ros.task.ament_python.build:Building ROS package in '/home/felipeleao/Ponderadas-progM8/ponderada/pacotao' with build type 'ament_python'
[15.396s] Level 1:colcon.colcon_core.shell:create_environment_hook('pacotao', 'ament_prefix_path')
[15.500s] INFO:colcon.colcon_core.plugin_system:Skipping extension 'colcon_core.shell.bat': Not used on non-Windows systems
[15.500s] INFO:colcon.colcon_core.shell:Creating environment hook '/home/felipeleao/Ponderadas-progM8/ponderada/pacotao/install/pacotao/share/pacotao/hook/ament_prefix_path.ps1'
[15.515s] INFO:colcon.colcon_core.shell:Creating environment descriptor '/home/felipeleao/Ponderadas-progM8/ponderada/pacotao/install/pacotao/share/pacotao/hook/ament_prefix_path.dsv'
[15.517s] INFO:colcon.colcon_core.shell:Creating environment hook '/home/felipeleao/Ponderadas-progM8/ponderada/pacotao/install/pacotao/share/pacotao/hook/ament_prefix_path.sh'
[15.654s] INFO:colcon.colcon_core.shell:Skip shell extension 'powershell' for command environment: Not usable outside of PowerShell
[15.654s] DEBUG:colcon.colcon_core.shell:Skip shell extension 'dsv' for command environment
[16.695s] INFO:colcon.colcon_core.task.python.build:Building Python package in '/home/felipeleao/Ponderadas-progM8/ponderada/pacotao'
[16.752s] INFO:colcon.colcon_core.shell:Skip shell extension 'powershell' for command environment: Not usable outside of PowerShell
[16.752s] DEBUG:colcon.colcon_core.shell:Skip shell extension 'dsv' for command environment
[18.241s] DEBUG:colcon.colcon_core.event_handler.log_command:Invoking command in '/home/felipeleao/Ponderadas-progM8/ponderada/pacotao': PYTHONPATH=/home/felipeleao/Ponderadas-progM8/ponderada/pacotao/build/pacotao/prefix_override:/home/felipeleao/Ponderadas-progM8/ponderada/pacotao/install/pacotao/lib/python3.10/site-packages:${PYTHONPATH} /usr/bin/python3 setup.py egg_info --egg-base build/pacotao build --build-base /home/felipeleao/Ponderadas-progM8/ponderada/pacotao/build/pacotao/build install --record /home/felipeleao/Ponderadas-progM8/ponderada/pacotao/build/pacotao/install.log --single-version-externally-managed
[20.539s] DEBUG:colcon.colcon_core.event_handler.log_command:Invoked command in '/home/felipeleao/Ponderadas-progM8/ponderada/pacotao' returned '0': PYTHONPATH=/home/felipeleao/Ponderadas-progM8/ponderada/pacotao/build/pacotao/prefix_override:/home/felipeleao/Ponderadas-progM8/ponderada/pacotao/install/pacotao/lib/python3.10/site-packages:${PYTHONPATH} /usr/bin/python3 setup.py egg_info --egg-base build/pacotao build --build-base /home/felipeleao/Ponderadas-progM8/ponderada/pacotao/build/pacotao/build install --record /home/felipeleao/Ponderadas-progM8/ponderada/pacotao/build/pacotao/install.log --single-version-externally-managed
[20.737s] Level 1:colcon.colcon_core.environment:checking '/home/felipeleao/Ponderadas-progM8/ponderada/pacotao/install/pacotao' for CMake module files
[20.742s] Level 1:colcon.colcon_core.environment:checking '/home/felipeleao/Ponderadas-progM8/ponderada/pacotao/install/pacotao' for CMake config files
[20.750s] Level 1:colcon.colcon_core.environment:checking '/home/felipeleao/Ponderadas-progM8/ponderada/pacotao/install/pacotao/lib'
[20.751s] Level 1:colcon.colcon_core.environment:checking '/home/felipeleao/Ponderadas-progM8/ponderada/pacotao/install/pacotao/bin'
[20.751s] Level 1:colcon.colcon_core.environment:checking '/home/felipeleao/Ponderadas-progM8/ponderada/pacotao/install/pacotao/lib/pkgconfig/pacotao.pc'
[20.754s] Level 1:colcon.colcon_core.environment:checking '/home/felipeleao/Ponderadas-progM8/ponderada/pacotao/install/pacotao/lib/python3.10/site-packages'
[20.754s] Level 1:colcon.colcon_core.shell:create_environment_hook('pacotao', 'pythonpath')
[20.910s] INFO:colcon.colcon_core.shell:Creating environment hook '/home/felipeleao/Ponderadas-progM8/ponderada/pacotao/install/pacotao/share/pacotao/hook/pythonpath.ps1'
[20.922s] INFO:colcon.colcon_core.shell:Creating environment descriptor '/home/felipeleao/Ponderadas-progM8/ponderada/pacotao/install/pacotao/share/pacotao/hook/pythonpath.dsv'
[20.927s] INFO:colcon.colcon_core.shell:Creating environment hook '/home/felipeleao/Ponderadas-progM8/ponderada/pacotao/install/pacotao/share/pacotao/hook/pythonpath.sh'
[20.928s] Level 1:colcon.colcon_core.environment:checking '/home/felipeleao/Ponderadas-progM8/ponderada/pacotao/install/pacotao/bin'
[20.928s] Level 1:colcon.colcon_core.environment:create_environment_scripts_only(pacotao)
[20.993s] INFO:colcon.colcon_core.shell:Creating package script '/home/felipeleao/Ponderadas-progM8/ponderada/pacotao/install/pacotao/share/pacotao/package.ps1'
[21.028s] INFO:colcon.colcon_core.shell:Creating package descriptor '/home/felipeleao/Ponderadas-progM8/ponderada/pacotao/install/pacotao/share/pacotao/package.dsv'
[21.034s] INFO:colcon.colcon_core.shell:Creating package script '/home/felipeleao/Ponderadas-progM8/ponderada/pacotao/install/pacotao/share/pacotao/package.sh'
[21.038s] INFO:colcon.colcon_core.shell:Creating package script '/home/felipeleao/Ponderadas-progM8/ponderada/pacotao/install/pacotao/share/pacotao/package.bash'
[21.040s] INFO:colcon.colcon_core.shell:Creating package script '/home/felipeleao/Ponderadas-progM8/ponderada/pacotao/install/pacotao/share/pacotao/package.zsh'
[21.044s] Level 1:colcon.colcon_core.environment:create_file_with_runtime_dependencies(/home/felipeleao/Ponderadas-progM8/ponderada/pacotao/install/pacotao/share/colcon-core/packages/pacotao)
[21.052s] DEBUG:colcon.colcon_parallel_executor.executor.parallel:closing loop
[21.052s] DEBUG:colcon.colcon_parallel_executor.executor.parallel:loop closed
[21.052s] DEBUG:colcon.colcon_parallel_executor.executor.parallel:run_until_complete finished with '0'
[21.053s] DEBUG:colcon.colcon_core.event_reactor:joining thread
[21.094s] INFO:colcon.colcon_core.plugin_system:Skipping extension 'colcon_notification.desktop_notification.terminal_notifier': Not used on non-Darwin systems
[21.096s] INFO:colcon.colcon_core.plugin_system:Skipping extension 'colcon_notification.desktop_notification.win32': Not used on non-Windows systems
[21.096s] INFO:colcon.colcon_notification.desktop_notification:Sending desktop notification using 'notify2'
[21.138s] DEBUG:colcon.colcon_core.event_reactor:joined thread
[21.254s] INFO:colcon.colcon_core.shell:Creating prefix script '/home/felipeleao/Ponderadas-progM8/ponderada/pacotao/install/local_setup.ps1'
[21.256s] INFO:colcon.colcon_core.shell:Creating prefix util module '/home/felipeleao/Ponderadas-progM8/ponderada/pacotao/install/_local_setup_util_ps1.py'
[21.258s] INFO:colcon.colcon_core.shell:Creating prefix chain script '/home/felipeleao/Ponderadas-progM8/ponderada/pacotao/install/setup.ps1'
[21.282s] INFO:colcon.colcon_core.shell:Creating prefix script '/home/felipeleao/Ponderadas-progM8/ponderada/pacotao/install/local_setup.sh'
[21.283s] INFO:colcon.colcon_core.shell:Creating prefix util module '/home/felipeleao/Ponderadas-progM8/ponderada/pacotao/install/_local_setup_util_sh.py'
[21.284s] INFO:colcon.colcon_core.shell:Creating prefix chain script '/home/felipeleao/Ponderadas-progM8/ponderada/pacotao/install/setup.sh'
[21.518s] INFO:colcon.colcon_core.shell:Creating prefix script '/home/felipeleao/Ponderadas-progM8/ponderada/pacotao/install/local_setup.bash'
[21.530s] INFO:colcon.colcon_core.shell:Creating prefix chain script '/home/felipeleao/Ponderadas-progM8/ponderada/pacotao/install/setup.bash'
[21.603s] INFO:colcon.colcon_core.shell:Creating prefix script '/home/felipeleao/Ponderadas-progM8/ponderada/pacotao/install/local_setup.zsh'
[21.610s] INFO:colcon.colcon_core.shell:Creating prefix chain script '/home/felipeleao/Ponderadas-progM8/ponderada/pacotao/install/setup.zsh'
